Base path: 'C:/Program Files/Unity/Hub/Editor/2020.2.3f1/Editor/Data', plugins path 'C:/Program Files/Unity/Hub/Editor/2020.2.3f1/Editor/Data/PlaybackEngines'
Cmd: initializeCompiler
Cmd: compileSnippet
  api=4 type=0 insize=1329 outsize=1918 kw=POINT pd=UNITY_ENABLE_REFLECTION_BUFFERS UNITY_USE_DITHER_MASK_FOR_ALPHABLENDED_SHADOWS UNITY_PBS_USE_BRDF1 UNITY_SPECCUBE_BOX_PROJECTION UNITY_SPECCUBE_BLENDING UNITY_ENABLE_DETAIL_NORMALMAP SHADER_API_DESKTOP UNITY_COLORSPACE_GAMMA UNITY_LIGHT_PROBE_PROXY_VOLUME UNITY_LIGHTMAP_FULL_HDR UNITY_PASS_FORWARDADD dkw=FOG_LINEAR FOG_EXP FOG_EXP2 _NORMALMAP _ALPHATEST_ON _ALPHABLEND_ON _ALPHAPREMULTIPLY_ON _METALLICGLOSSMAP _PARALLAXMAP DIRECTIONAL SPOT POINT_COOKIE DIRECTIONAL_COOKIE SHADOWS_SHADOWMASK LIGHTMAP_SHADOW_MIXING SHADOWS_DEPTH SHADOWS_SOFT SHADOWS_SCREEN SHADOWS_CUBE UNITY_NO_DXT5nm UNITY_ENABLE_NATIVE_SHADOW_LOOKUPS UNITY_METAL_SHADOWS_USE_POINT_FILTERING UNITY_NO_SCREENSPACE_SHADOWS UNITY_PBS_USE_BRDF2 UNITY_PBS_USE_BRDF3 UNITY_NO_FULL_STANDARD_SHADER UNITY_HARDWARE_TIER1 UNITY_HARDWARE_TIER2 UNITY_HARDWARE_TIER3 UNITY_HALF_PRECISION_FRAGMENT_SHADER_REGISTERS UNITY_LIGHTMAP_DLDR_ENCODING UNITY_LIGHTMAP_RGBM_ENCODING UNITY_VIRTUAL_TEXTURING UNITY_PRETRANSFORM_TO_DISPLAY_ORIENTATION UNITY_ASTC_NORMALMAP_ENCODING SHADER_API_GLES30 ok=1
Cmd: initializeCompiler
Cmd: disassembleShader
  api=4 insize=2350 outsize=3989 ok=1
Cmd: disassembleShader
  api=4 insize=2330 outsize=4094 ok=1
Cmd: disassembleShader
  api=4 insize=8318 outsize=11906 ok=1
Cmd: disassembleShader
  api=4 insize=7878 outsize=11340 ok=1
Cmd: disassembleShader
  api=4 insize=1350 outsize=2630 ok=1
Cmd: disassembleShader
  api=4 insize=2066 outsize=3620 ok=1
Cmd: disassembleShader
  api=4 insize=2294 outsize=4061 ok=1
Cmd: disassembleShader
  api=4 insize=6338 outsize=9359 ok=1
Cmd: disassembleShader
  api=4 insize=7342 outsize=10649 ok=1
Cmd: disassembleShader
  api=4 insize=6198 outsize=9185 ok=1
Cmd: disassembleShader
  api=4 insize=5098 outsize=7606 ok=1
Cmd: disassembleShader
  api=4 insize=9066 outsize=13157 ok=1
Cmd: disassembleShader
  api=4 insize=5958 outsize=8636 ok=1
Cmd: disassembleShader
  api=4 insize=8186 outsize=11958 ok=1
Cmd: disassembleShader
  api=4 insize=2394 outsize=4136 ok=1
Cmd: disassembleShader
  api=4 insize=3526 outsize=5963 ok=1
Cmd: disassembleShader
  api=4 insize=4090 outsize=6756 ok=1
Cmd: disassembleShader
  api=4 insize=1746 outsize=2963 ok=1
Cmd: disassembleShader
  api=4 insize=402 outsize=1041 ok=1
